빌드 시작: 2018-12-13 오후 10:14:03
     1>2 노드의 "C:\Users\user\Documents\카카오톡 받은 파일\버튼추가\mxl.vcxproj" 프로젝트(Build 대상)입니다.
     1>ClCompile:
         C:\Program Files (x86)\Microsoft Visual Studio 12.0\VC\bin\CL.exe /c /ZI /nologo /W3 /WX- /Od /Oy- /D WIN32 /D _WINDOWS /D _DEBUG /D _UNICODE /D UNICODE /D _AFXDLL /Gm /EHsc /RTC1 /MDd /GS /fp:precise /Zc:wchar_t /Zc:forScope /Fo"Debug\\" /Fd"Debug\vc120.pdb" /Gd /TP /analyze- /errorReport:prompt DlgProxy.cpp mxl.cpp mxlDlg.cpp
         mxlDlg.cpp
         코드를 생성하고 있습니다...
         컴파일하고 있습니다...
         mxl.cpp
         DlgProxy.cpp
         코드를 생성하고 있습니다...
       ResourceCompile:
         C:\Program Files (x86)\Windows Kits\8.1\bin\x86\rc.exe /D _DEBUG /D _UNICODE /D UNICODE /D _AFXDLL /l"0x0412" /IDebug\ /nologo /fo"Debug\mxl.res" mxl.rc 
       Link:
         C:\Program Files (x86)\Microsoft Visual Studio 12.0\VC\bin\link.exe /ERRORREPORT:PROMPT /OUT:"C:\Users\user\Documents\카카오톡 받은 파일\버튼추가\Debug\mxl.exe" /INCREMENTAL /NOLOGO /MANIFEST /MANIFESTUAC:"level='asInvoker' uiAccess='false'" /manifest:embed /manifestinput:"C:\Program Files (x86)\Microsoft Visual Studio 12.0\VC\Include\Manifest\dpiaware.manifest" /DEBUG /PDB:"C:\Users\user\Documents\카카오톡 받은 파일\버튼추가\Debug\mxl.pdb" /SUBSYSTEM:WINDOWS /TLBID:1 /ENTRY:"wWinMainCRTStartup" /DYNAMICBASE /NXCOMPAT /IMPLIB:"C:\Users\user\Documents\카카오톡 받은 파일\버튼추가\Debug\mxl.lib" /MACHINE:X86 Debug\mxl.res
         Debug\DlgProxy.obj
         Debug\mxl.obj
         Debug\mxlDlg.obj
         Debug\stdafx.obj
         mxl.vcxproj -> C:\Users\user\Documents\카카오톡 받은 파일\버튼추가\Debug\mxl.exe
       RegisterOutput:
         "C:\Users\user\Documents\카카오톡 받은 파일\버튼추가\Debug\mxl.exe" /RegServer
     1>"C:\Users\user\Documents\카카오톡 받은 파일\버튼추가\mxl.vcxproj" 프로젝트를 빌드했습니다(Build 대상).

빌드했습니다.

경과 시간: 00:00:35.20
